

Started GET "/" for 127.0.0.1 at 2015-04-04 23:41:03 -0700
Processing by PostsController#index as HTML
  Rendered posts/index.html.erb within layouts/application (1.6ms)
  Rendered layouts/_navigation.html.erb (1.0ms)
  Rendered layouts/_messages.html.erb (0.6ms)
Completed 200 OK in 2424ms (Views: 2414.6ms | ActiveRecord: 0.0ms)


Started GET "/login" for 127.0.0.1 at 2015-04-04 23:41:07 -0700
Processing by LoginController#index as HTML
  Rendered login/index.html.erb within layouts/login (0.4ms)
Completed 200 OK in 4ms (Views: 3.0ms | ActiveRecord: 0.0ms)


Started GET "/" for 127.0.0.1 at 2015-04-04 23:41:13 -0700
Processing by PostsController#index as HTML
  Rendered posts/index.html.erb within layouts/application (0.0ms)
  Rendered layouts/_navigation.html.erb (0.2ms)
  Rendered layouts/_messages.html.erb (0.1ms)
Completed 200 OK in 7ms (Views: 6.8ms | ActiveRecord: 0.0ms)


Started GET "/login" for 127.0.0.1 at 2015-04-04 23:41:14 -0700
Processing by LoginController#index as HTML
  Rendered login/index.html.erb within layouts/login (0.1ms)
Completed 200 OK in 1ms (Views: 1.1ms | ActiveRecord: 0.0ms)


Started GET "/" for 127.0.0.1 at 2015-04-04 23:45:59 -0700
Processing by PostsController#index as HTML
  Rendered posts/index.html.erb within layouts/application (0.0ms)
  Rendered layouts/_navigation.html.erb (0.2ms)
  Rendered layouts/_messages.html.erb (0.1ms)
Completed 200 OK in 509ms (Views: 508.8ms | ActiveRecord: 0.0ms)


Started GET "/" for 127.0.0.1 at 2015-04-04 23:45:59 -0700
Processing by PostsController#index as HTML
  Rendered posts/index.html.erb within layouts/application (0.0ms)
  Rendered layouts/_navigation.html.erb (0.1ms)
  Rendered layouts/_messages.html.erb (0.1ms)
Completed 200 OK in 8ms (Views: 7.2ms | ActiveRecord: 0.0ms)


Started GET "/login" for 127.0.0.1 at 2015-04-04 23:46:03 -0700
Processing by LoginController#index as HTML
  Rendered login/index.html.erb within layouts/login (0.1ms)
Completed 200 OK in 2ms (Views: 1.7ms | ActiveRecord: 0.0ms)


Started GET "/" for 127.0.0.1 at 2015-04-04 23:47:05 -0700
Processing by PostsController#index as HTML
  Rendered posts/index.html.erb within layouts/application (0.0ms)
  Rendered layouts/_navigation.html.erb (0.1ms)
  Rendered layouts/_messages.html.erb (0.1ms)
Completed 200 OK in 7ms (Views: 6.4ms | ActiveRecord: 0.0ms)


Started GET "/login" for 127.0.0.1 at 2015-04-04 23:47:06 -0700
Processing by LoginController#index as HTML
  Rendered login/index.html.erb within layouts/login (0.1ms)
Completed 200 OK in 2ms (Views: 1.7ms | ActiveRecord: 0.0ms)


Started GET "/" for 127.0.0.1 at 2015-04-04 23:47:17 -0700
Processing by PostsController#index as HTML
  Rendered posts/index.html.erb within layouts/application (0.1ms)
  Rendered layouts/_navigation.html.erb (0.2ms)
  Rendered layouts/_messages.html.erb (0.1ms)
Completed 200 OK in 9ms (Views: 8.0ms | ActiveRecord: 0.0ms)


Started GET "/login" for 127.0.0.1 at 2015-04-04 23:47:18 -0700
Processing by LoginController#index as HTML
  Rendered login/index.html.erb within layouts/login (0.1ms)
Completed 200 OK in 2ms (Views: 1.7ms | ActiveRecord: 0.0ms)


Started GET "/" for 127.0.0.1 at 2015-04-04 23:48:32 -0700
Processing by PostsController#index as HTML
  Rendered posts/index.html.erb within layouts/application (0.0ms)
  Rendered layouts/_navigation.html.erb (0.1ms)
  Rendered layouts/_messages.html.erb (0.0ms)
Completed 200 OK in 7ms (Views: 6.9ms | ActiveRecord: 0.0ms)


Started GET "/login" for 127.0.0.1 at 2015-04-04 23:48:36 -0700
Processing by LoginController#index as HTML
  Rendered login/index.html.erb within layouts/login (0.0ms)
Completed 200 OK in 2ms (Views: 1.6ms | ActiveRecord: 0.0ms)


Started GET "/" for 127.0.0.1 at 2015-04-04 23:50:25 -0700
Processing by PostsController#index as HTML
  Rendered posts/index.html.erb within layouts/application (0.1ms)
  Rendered layouts/_navigation.html.erb (0.2ms)
  Rendered layouts/_messages.html.erb (0.0ms)
Completed 200 OK in 10ms (Views: 9.5ms | ActiveRecord: 0.0ms)


Started GET "/login" for 127.0.0.1 at 2015-04-04 23:50:27 -0700
Processing by LoginController#index as HTML
  Rendered login/index.html.erb within layouts/login (0.1ms)
Completed 200 OK in 2ms (Views: 1.6ms | ActiveRecord: 0.0ms)


Started GET "/" for 127.0.0.1 at 2015-04-04 23:51:33 -0700
Processing by PostsController#index as HTML
  Rendered posts/index.html.erb within layouts/application (0.1ms)
  Rendered layouts/_navigation.html.erb (0.2ms)
  Rendered layouts/_messages.html.erb (0.1ms)
Completed 200 OK in 8ms (Views: 7.5ms | ActiveRecord: 0.0ms)


Started GET "/" for 127.0.0.1 at 2015-04-04 23:51:37 -0700
Processing by PostsController#index as HTML
  Rendered posts/index.html.erb within layouts/application (0.1ms)
  Rendered layouts/_navigation.html.erb (0.3ms)
  Rendered layouts/_messages.html.erb (0.1ms)
Completed 200 OK in 11ms (Views: 10.1ms | ActiveRecord: 0.0ms)


Started GET "/login" for 127.0.0.1 at 2015-04-04 23:51:39 -0700
Processing by LoginController#index as HTML
  Rendered login/index.html.erb within layouts/login (0.1ms)
Completed 200 OK in 2ms (Views: 1.6ms | ActiveRecord: 0.0ms)


Started GET "/" for 127.0.0.1 at 2015-04-04 23:53:45 -0700
Processing by PostsController#index as HTML
  Rendered posts/index.html.erb within layouts/application (0.1ms)
  Rendered layouts/_navigation.html.erb (0.2ms)
  Rendered layouts/_messages.html.erb (0.1ms)
Completed 200 OK in 13ms (Views: 12.4ms | ActiveRecord: 0.0ms)


Started GET "/login" for 127.0.0.1 at 2015-04-04 23:53:46 -0700
Processing by LoginController#index as HTML
  Rendered login/index.html.erb within layouts/login (0.1ms)
Completed 200 OK in 2ms (Views: 1.7ms | ActiveRecord: 0.0ms)


Started GET "/" for 127.0.0.1 at 2015-04-04 23:54:04 -0700
Processing by PostsController#index as HTML
  Rendered posts/index.html.erb within layouts/application (0.1ms)
  Rendered layouts/_navigation.html.erb (0.2ms)
  Rendered layouts/_messages.html.erb (0.1ms)
Completed 200 OK in 9ms (Views: 8.5ms | ActiveRecord: 0.0ms)


Started GET "/login" for 127.0.0.1 at 2015-04-04 23:54:06 -0700
Processing by LoginController#index as HTML
  Rendered login/index.html.erb within layouts/login (0.1ms)
Completed 200 OK in 2ms (Views: 1.7ms | ActiveRecord: 0.0ms)


Started GET "/login" for 127.0.0.1 at 2015-04-04 23:55:38 -0700
Processing by LoginController#index as HTML
  Rendered login/index.html.erb within layouts/login (0.4ms)
Completed 200 OK in 3ms (Views: 2.5ms | ActiveRecord: 0.0ms)


Started GET "/" for 127.0.0.1 at 2015-04-04 23:55:41 -0700
Processing by PostsController#index as HTML
  Rendered posts/index.html.erb within layouts/application (0.0ms)
  Rendered layouts/_navigation.html.erb (0.2ms)
  Rendered layouts/_messages.html.erb (0.1ms)
Completed 200 OK in 11ms (Views: 11.0ms | ActiveRecord: 0.0ms)


Started GET "/login" for 127.0.0.1 at 2015-04-04 23:55:45 -0700
Processing by LoginController#index as HTML
  Rendered login/index.html.erb within layouts/login (0.1ms)
Completed 200 OK in 2ms (Views: 1.2ms | ActiveRecord: 0.0ms)


Started GET "/" for 127.0.0.1 at 2015-04-04 23:56:04 -0700
Processing by PostsController#index as HTML
  Rendered posts/index.html.erb within layouts/application (0.1ms)
  Rendered layouts/_navigation.html.erb (0.4ms)
  Rendered layouts/_messages.html.erb (0.1ms)
Completed 200 OK in 11ms (Views: 10.4ms | ActiveRecord: 0.0ms)


Started GET "/" for 127.0.0.1 at 2015-04-04 23:56:04 -0700
Processing by PostsController#index as HTML
  Rendered posts/index.html.erb within layouts/application (0.0ms)
  Rendered layouts/_navigation.html.erb (0.2ms)
  Rendered layouts/_messages.html.erb (0.1ms)
Completed 200 OK in 8ms (Views: 7.1ms | ActiveRecord: 0.0ms)


Started GET "/login" for 127.0.0.1 at 2015-04-04 23:56:06 -0700
Processing by LoginController#index as HTML
  Rendered login/index.html.erb within layouts/login (0.1ms)
Completed 200 OK in 2ms (Views: 1.7ms | ActiveRecord: 0.0ms)


Started GET "/" for 127.0.0.1 at 2015-04-04 23:56:21 -0700
Processing by PostsController#index as HTML
  Rendered posts/index.html.erb within layouts/application (0.1ms)
  Rendered layouts/_navigation.html.erb (0.3ms)
  Rendered layouts/_messages.html.erb (0.1ms)
Completed 200 OK in 14ms (Views: 13.2ms | ActiveRecord: 0.0ms)


Started GET "/login" for 127.0.0.1 at 2015-04-04 23:56:22 -0700
Processing by LoginController#index as HTML
  Rendered login/index.html.erb within layouts/login (0.1ms)
Completed 200 OK in 2ms (Views: 1.6ms | ActiveRecord: 0.0ms)


Started GET "/" for 127.0.0.1 at 2015-04-05 00:07:08 -0700
Processing by PostsController#index as HTML
  Rendered posts/index.html.erb within layouts/application (0.1ms)
  Rendered layouts/_navigation.html.erb (0.2ms)
  Rendered layouts/_messages.html.erb (0.1ms)
Completed 200 OK in 9ms (Views: 8.1ms | ActiveRecord: 0.0ms)


Started GET "/login" for 127.0.0.1 at 2015-04-05 00:07:12 -0700
Processing by LoginController#index as HTML
  Rendered login/index.html.erb within layouts/login (0.1ms)
Completed 200 OK in 4ms (Views: 3.1ms | ActiveRecord: 0.0ms)


Started GET "/" for 127.0.0.1 at 2015-04-05 00:08:16 -0700
Processing by PostsController#index as HTML
  Rendered posts/index.html.erb within layouts/application (0.1ms)
  Rendered layouts/_navigation.html.erb (0.2ms)
  Rendered layouts/_messages.html.erb (0.1ms)
Completed 200 OK in 9ms (Views: 8.1ms | ActiveRecord: 0.0ms)


Started GET "/login" for 127.0.0.1 at 2015-04-05 00:08:18 -0700
Processing by LoginController#index as HTML
  Rendered login/index.html.erb within layouts/login (0.1ms)
Completed 200 OK in 2ms (Views: 1.1ms | ActiveRecord: 0.0ms)


Started GET "/" for 127.0.0.1 at 2015-04-05 00:21:14 -0700
Processing by PostsController#index as HTML
  Rendered posts/index.html.erb within layouts/application (0.0ms)
  Rendered layouts/_navigation.html.erb (0.2ms)
  Rendered layouts/_messages.html.erb (0.1ms)
Completed 200 OK in 8ms (Views: 7.8ms | ActiveRecord: 0.0ms)


Started GET "/login" for 127.0.0.1 at 2015-04-05 00:21:15 -0700
Processing by LoginController#index as HTML
  Rendered login/index.html.erb within layouts/login (0.1ms)
Completed 200 OK in 3ms (Views: 3.0ms | ActiveRecord: 0.0ms)


Started GET "/" for 127.0.0.1 at 2015-04-05 00:28:51 -0700
Processing by PostsController#index as HTML
  Rendered posts/index.html.erb within layouts/application (0.0ms)
  Rendered layouts/_navigation.html.erb (0.2ms)
  Rendered layouts/_messages.html.erb (0.1ms)
Completed 200 OK in 7ms (Views: 7.1ms | ActiveRecord: 0.0ms)


Started GET "/login" for 127.0.0.1 at 2015-04-05 00:28:52 -0700
Processing by LoginController#index as HTML
  Rendered login/index.html.erb within layouts/login (0.0ms)
Completed 200 OK in 2ms (Views: 1.6ms | ActiveRecord: 0.0ms)


Started GET "/" for 127.0.0.1 at 2015-04-05 00:29:00 -0700
Processing by PostsController#index as HTML
  Rendered posts/index.html.erb within layouts/application (0.0ms)
  Rendered layouts/_navigation.html.erb (0.2ms)
  Rendered layouts/_messages.html.erb (0.1ms)
Completed 200 OK in 7ms (Views: 6.9ms | ActiveRecord: 0.0ms)


Started GET "/" for 127.0.0.1 at 2015-04-05 00:29:19 -0700
Processing by PostsController#index as HTML
  Rendered posts/index.html.erb within layouts/application (0.1ms)
  Rendered layouts/_navigation.html.erb (0.2ms)
  Rendered layouts/_messages.html.erb (0.1ms)
Completed 200 OK in 8ms (Views: 8.3ms | ActiveRecord: 0.0ms)


Started GET "/login" for 127.0.0.1 at 2015-04-05 00:29:20 -0700
Processing by LoginController#index as HTML
  Rendered login/index.html.erb within layouts/login (0.1ms)
Completed 200 OK in 3ms (Views: 2.7ms | ActiveRecord: 0.0ms)


Started GET "/" for 127.0.0.1 at 2015-04-05 00:32:18 -0700
Processing by PostsController#index as HTML
  Rendered posts/index.html.erb within layouts/application (0.1ms)
  Rendered layouts/_navigation.html.erb (0.2ms)
  Rendered layouts/_messages.html.erb (0.1ms)
Completed 200 OK in 10ms (Views: 9.6ms | ActiveRecord: 0.0ms)


Started GET "/login" for 127.0.0.1 at 2015-04-05 00:32:21 -0700
Processing by LoginController#index as HTML
  Rendered login/index.html.erb within layouts/login (0.0ms)
Completed 200 OK in 2ms (Views: 1.7ms | ActiveRecord: 0.0ms)


Started GET "/" for 127.0.0.1 at 2015-04-05 00:32:39 -0700
Processing by PostsController#index as HTML
  Rendered posts/index.html.erb within layouts/application (1.3ms)
  Rendered layouts/_navigation.html.erb (0.6ms)
  Rendered layouts/_messages.html.erb (0.4ms)
Completed 200 OK in 125ms (Views: 115.5ms | ActiveRecord: 0.0ms)


Started GET "/login" for 127.0.0.1 at 2015-04-05 00:32:40 -0700
Processing by LoginController#index as HTML
  Rendered login/index.html.erb within layouts/login (0.3ms)
Completed 200 OK in 3ms (Views: 2.0ms | ActiveRecord: 0.0ms)


Started GET "/" for 127.0.0.1 at 2015-04-05 00:34:22 -0700
Processing by PostsController#index as HTML
  Rendered posts/index.html.erb within layouts/application (0.1ms)
  Rendered layouts/_navigation.html.erb (0.2ms)
  Rendered layouts/_messages.html.erb (0.1ms)
Completed 200 OK in 8ms (Views: 7.0ms | ActiveRecord: 0.0ms)


Started GET "/login" for 127.0.0.1 at 2015-04-05 00:34:24 -0700
Processing by LoginController#index as HTML
  Rendered login/index.html.erb within layouts/login (0.1ms)
Completed 200 OK in 2ms (Views: 1.7ms | ActiveRecord: 0.0ms)


Started GET "/" for 127.0.0.1 at 2015-04-05 00:35:34 -0700
Processing by PostsController#index as HTML
  Rendered posts/index.html.erb within layouts/application (0.8ms)
  Rendered layouts/_navigation.html.erb (0.5ms)
  Rendered layouts/_messages.html.erb (0.4ms)
Completed 200 OK in 76ms (Views: 68.5ms | ActiveRecord: 0.0ms)


Started GET "/login" for 127.0.0.1 at 2015-04-05 00:35:43 -0700
Processing by LoginController#index as HTML
  Rendered login/index.html.erb within layouts/login (0.5ms)
Completed 200 OK in 4ms (Views: 3.1ms | ActiveRecord: 0.0ms)


Started GET "/" for 127.0.0.1 at 2015-04-05 00:41:05 -0700
Processing by PostsController#index as HTML
  Rendered posts/index.html.erb within layouts/application (1.3ms)
  Rendered layouts/_navigation.html.erb (0.9ms)
  Rendered layouts/_messages.html.erb (0.7ms)
Completed 200 OK in 123ms (Views: 114.9ms | ActiveRecord: 0.0ms)


Started GET "/login" for 127.0.0.1 at 2015-04-05 00:41:15 -0700
Processing by LoginController#index as HTML
  Rendered login/index.html.erb within layouts/login (0.5ms)
Completed 200 OK in 4ms (Views: 2.9ms | ActiveRecord: 0.0ms)


Started GET "/" for 127.0.0.1 at 2015-04-05 00:48:58 -0700
Processing by PostsController#index as HTML
  Rendered posts/index.html.erb within layouts/application (0.0ms)
  Rendered layouts/_navigation.html.erb (0.2ms)
  Rendered layouts/_messages.html.erb (0.1ms)
Completed 200 OK in 10ms (Views: 9.8ms | ActiveRecord: 0.0ms)


Started GET "/login" for 127.0.0.1 at 2015-04-05 00:49:07 -0700
Processing by LoginController#index as HTML
  Rendered login/index.html.erb within layouts/login (0.0ms)
Completed 200 OK in 2ms (Views: 1.6ms | ActiveRecord: 0.0ms)


Started GET "/" for 127.0.0.1 at 2015-04-05 00:51:39 -0700
Processing by PostsController#index as HTML
  Rendered posts/index.html.erb within layouts/application (0.1ms)
  Rendered layouts/_navigation.html.erb (0.2ms)
  Rendered layouts/_messages.html.erb (0.1ms)
Completed 200 OK in 8ms (Views: 7.3ms | ActiveRecord: 0.0ms)


Started GET "/login" for 127.0.0.1 at 2015-04-05 00:51:41 -0700
Processing by LoginController#index as HTML
  Rendered login/index.html.erb within layouts/login (0.1ms)
Completed 200 OK in 2ms (Views: 1.5ms | ActiveRecord: 0.0ms)


Started GET "/" for 127.0.0.1 at 2015-04-05 00:59:38 -0700
Processing by PostsController#index as HTML
  Rendered posts/index.html.erb within layouts/application (0.9ms)
  Rendered layouts/_navigation.html.erb (0.5ms)
  Rendered layouts/_messages.html.erb (0.4ms)
Completed 200 OK in 76ms (Views: 68.9ms | ActiveRecord: 0.0ms)


Started GET "/login" for 127.0.0.1 at 2015-04-05 00:59:40 -0700
Processing by LoginController#index as HTML
  Rendered login/index.html.erb within layouts/login (0.3ms)
Completed 200 OK in 3ms (Views: 2.1ms | ActiveRecord: 0.0ms)


Started GET "/" for 127.0.0.1 at 2015-04-05 01:02:26 -0700
Processing by PostsController#index as HTML
  Rendered posts/index.html.erb within layouts/application (0.9ms)
  Rendered layouts/_navigation.html.erb (0.5ms)
  Rendered layouts/_messages.html.erb (0.4ms)
Completed 200 OK in 76ms (Views: 68.7ms | ActiveRecord: 0.0ms)


Started GET "/login" for 127.0.0.1 at 2015-04-05 01:02:27 -0700
Processing by LoginController#index as HTML
  Rendered login/index.html.erb within layouts/login (0.3ms)
Completed 200 OK in 2ms (Views: 1.9ms | ActiveRecord: 0.0ms)


Started GET "/" for 127.0.0.1 at 2015-04-05 01:36:38 -0700
Processing by PostsController#index as HTML
  Rendered posts/index.html.erb within layouts/application (0.9ms)
  Rendered layouts/_navigation.html.erb (0.5ms)
  Rendered layouts/_messages.html.erb (0.4ms)
Completed 200 OK in 74ms (Views: 66.9ms | ActiveRecord: 0.0ms)


Started GET "/login" for 127.0.0.1 at 2015-04-05 01:36:40 -0700
Processing by LoginController#index as HTML
  Rendered login/index.html.erb within layouts/login (0.5ms)
Completed 200 OK in 4ms (Views: 3.1ms | ActiveRecord: 0.0ms)


Started GET "/" for 127.0.0.1 at 2015-04-05 01:36:51 -0700
Processing by PostsController#index as HTML
  Rendered posts/index.html.erb within layouts/application (0.1ms)
  Rendered layouts/_navigation.html.erb (0.2ms)
  Rendered layouts/_messages.html.erb (0.1ms)
Completed 200 OK in 8ms (Views: 7.6ms | ActiveRecord: 0.0ms)


Started GET "/login" for 127.0.0.1 at 2015-04-05 01:36:54 -0700
Processing by LoginController#index as HTML
  Rendered login/index.html.erb within layouts/login (0.0ms)
Completed 200 OK in 2ms (Views: 1.5ms | ActiveRecord: 0.0ms)


Started GET "/" for 127.0.0.1 at 2015-04-05 01:37:17 -0700
Processing by PostsController#index as HTML
  Rendered posts/index.html.erb within layouts/application (0.0ms)
  Rendered layouts/_navigation.html.erb (0.2ms)
  Rendered layouts/_messages.html.erb (0.1ms)
Completed 200 OK in 8ms (Views: 7.0ms | ActiveRecord: 0.0ms)


Started GET "/" for 127.0.0.1 at 2015-04-05 01:37:17 -0700
Processing by PostsController#index as HTML
  Rendered posts/index.html.erb within layouts/application (0.1ms)
  Rendered layouts/_navigation.html.erb (0.2ms)
  Rendered layouts/_messages.html.erb (0.2ms)
Completed 200 OK in 14ms (Views: 13.3ms | ActiveRecord: 0.0ms)


Started GET "/login" for 127.0.0.1 at 2015-04-05 01:37:19 -0700
Processing by LoginController#index as HTML
  Rendered login/index.html.erb within layouts/login (0.0ms)
Completed 200 OK in 2ms (Views: 1.6ms | ActiveRecord: 0.0ms)


Started GET "/" for 127.0.0.1 at 2015-04-05 01:37:45 -0700
Processing by PostsController#index as HTML
  Rendered posts/index.html.erb within layouts/application (0.1ms)
  Rendered layouts/_navigation.html.erb (0.3ms)
  Rendered layouts/_messages.html.erb (0.1ms)
Completed 200 OK in 11ms (Views: 10.5ms | ActiveRecord: 0.0ms)


Started GET "/login" for 127.0.0.1 at 2015-04-05 01:37:47 -0700
Processing by LoginController#index as HTML
  Rendered login/index.html.erb within layouts/login (0.0ms)
Completed 200 OK in 2ms (Views: 1.6ms | ActiveRecord: 0.0ms)


Started GET "/" for 127.0.0.1 at 2015-04-05 01:38:15 -0700
Processing by PostsController#index as HTML
  Rendered posts/index.html.erb within layouts/application (0.1ms)
  Rendered layouts/_navigation.html.erb (0.3ms)
  Rendered layouts/_messages.html.erb (0.1ms)
Completed 200 OK in 10ms (Views: 9.9ms | ActiveRecord: 0.0ms)


Started GET "/login" for 127.0.0.1 at 2015-04-05 01:38:17 -0700
Processing by LoginController#index as HTML
  Rendered login/index.html.erb within layouts/login (0.0ms)
Completed 200 OK in 2ms (Views: 1.5ms | ActiveRecord: 0.0ms)


Started GET "/" for 127.0.0.1 at 2015-04-05 01:58:06 -0700
Processing by PostsController#index as HTML
  Rendered posts/index.html.erb within layouts/application (0.9ms)
  Rendered layouts/_navigation.html.erb (0.5ms)
  Rendered layouts/_messages.html.erb (0.4ms)
Completed 200 OK in 94ms (Views: 85.2ms | ActiveRecord: 0.0ms)


Started GET "/" for 127.0.0.1 at 2015-04-05 01:58:06 -0700
Processing by PostsController#index as HTML
  Rendered posts/index.html.erb within layouts/application (0.0ms)
  Rendered layouts/_navigation.html.erb (0.2ms)
  Rendered layouts/_messages.html.erb (0.0ms)
Completed 200 OK in 6ms (Views: 6.0ms | ActiveRecord: 0.0ms)


Started GET "/login" for 127.0.0.1 at 2015-04-05 01:58:08 -0700
Processing by LoginController#index as HTML
  Rendered login/index.html.erb within layouts/login (0.5ms)
Completed 200 OK in 5ms (Views: 3.8ms | ActiveRecord: 0.0ms)


Started GET "/" for 127.0.0.1 at 2015-04-05 02:06:47 -0700
Processing by PostsController#index as HTML
  Rendered posts/index.html.erb within layouts/application (0.1ms)
  Rendered layouts/_navigation.html.erb (0.2ms)
  Rendered layouts/_messages.html.erb (0.1ms)
Completed 200 OK in 8ms (Views: 7.3ms | ActiveRecord: 0.0ms)


Started GET "/login" for 127.0.0.1 at 2015-04-05 02:06:49 -0700
Processing by LoginController#index as HTML
  Rendered login/index.html.erb within layouts/login (0.1ms)
Completed 200 OK in 2ms (Views: 1.5ms | ActiveRecord: 0.0ms)


Started GET "/" for 127.0.0.1 at 2015-04-05 02:07:01 -0700
Processing by PostsController#index as HTML
  Rendered posts/index.html.erb within layouts/application (0.1ms)
  Rendered layouts/_navigation.html.erb (0.2ms)
  Rendered layouts/_messages.html.erb (0.1ms)
Completed 200 OK in 8ms (Views: 7.1ms | ActiveRecord: 0.0ms)


Started GET "/login" for 127.0.0.1 at 2015-04-05 02:07:02 -0700
Processing by LoginController#index as HTML
  Rendered login/index.html.erb within layouts/login (0.0ms)
Completed 200 OK in 1ms (Views: 1.1ms | ActiveRecord: 0.0ms)


Started GET "/" for 127.0.0.1 at 2015-04-05 02:16:00 -0700
Processing by PostsController#index as HTML
  Rendered posts/index.html.erb within layouts/application (0.1ms)
  Rendered layouts/_navigation.html.erb (0.1ms)
  Rendered layouts/_messages.html.erb (0.1ms)
Completed 200 OK in 8ms (Views: 7.4ms | ActiveRecord: 0.0ms)


Started GET "/login" for 127.0.0.1 at 2015-04-05 02:16:02 -0700
Processing by LoginController#index as HTML
  Rendered login/index.html.erb within layouts/login (0.0ms)
Completed 200 OK in 2ms (Views: 1.5ms | ActiveRecord: 0.0ms)


Started GET "/" for 127.0.0.1 at 2015-04-05 02:21:43 -0700
Processing by PostsController#index as HTML
  Rendered posts/index.html.erb within layouts/application (0.1ms)
  Rendered layouts/_navigation.html.erb (0.1ms)
  Rendered layouts/_messages.html.erb (0.0ms)
Completed 200 OK in 7ms (Views: 6.4ms | ActiveRecord: 0.0ms)


Started GET "/login" for 127.0.0.1 at 2015-04-05 02:21:45 -0700
Processing by LoginController#index as HTML
  Rendered login/index.html.erb within layouts/login (0.1ms)
Completed 200 OK in 2ms (Views: 1.6ms | ActiveRecord: 0.0ms)


Started GET "/" for 127.0.0.1 at 2015-04-05 02:37:05 -0700
Processing by PostsController#index as HTML
  Rendered posts/index.html.erb within layouts/application (1.2ms)
  Rendered layouts/_navigation.html.erb (0.5ms)
  Rendered layouts/_messages.html.erb (0.4ms)
Completed 200 OK in 125ms (Views: 111.3ms | ActiveRecord: 0.0ms)


Started GET "/" for 127.0.0.1 at 2015-04-05 02:37:05 -0700
Processing by PostsController#index as HTML
  Rendered posts/index.html.erb within layouts/application (0.0ms)
  Rendered layouts/_navigation.html.erb (0.2ms)
  Rendered layouts/_messages.html.erb (0.0ms)
Completed 200 OK in 6ms (Views: 5.9ms | ActiveRecord: 0.0ms)


Started GET "/login" for 127.0.0.1 at 2015-04-05 02:37:08 -0700
Processing by LoginController#index as HTML
  Rendered login/index.html.erb within layouts/login (0.4ms)
Completed 200 OK in 3ms (Views: 2.3ms | ActiveRecord: 0.0ms)


Started GET "/" for 127.0.0.1 at 2015-04-05 02:45:40 -0700
Processing by PostsController#index as HTML
  Rendered posts/index.html.erb within layouts/application (0.9ms)
  Rendered layouts/_navigation.html.erb (0.5ms)
  Rendered layouts/_messages.html.erb (0.4ms)
Completed 200 OK in 78ms (Views: 70.4ms | ActiveRecord: 0.0ms)


Started GET "/login" for 127.0.0.1 at 2015-04-05 02:45:45 -0700
Processing by LoginController#index as HTML
  Rendered login/index.html.erb within layouts/login (0.3ms)
Completed 200 OK in 3ms (Views: 2.0ms | ActiveRecord: 0.0ms)


Started GET "/" for 127.0.0.1 at 2015-04-05 03:30:39 -0700
Processing by PostsController#index as HTML
  Rendered posts/index.html.erb within layouts/application (1.6ms)
  Rendered layouts/_navigation.html.erb (0.6ms)
  Rendered layouts/_messages.html.erb (0.5ms)
Completed 200 OK in 132ms (Views: 123.1ms | ActiveRecord: 0.0ms)


Started GET "/login" for 127.0.0.1 at 2015-04-05 03:30:43 -0700
Processing by LoginController#index as HTML
  Rendered login/index.html.erb within layouts/login (0.3ms)
Completed 200 OK in 3ms (Views: 2.3ms | ActiveRecord: 0.0ms)


Started GET "/" for 127.0.0.1 at 2015-04-05 03:33:20 -0700
Processing by PostsController#index as HTML
  Rendered posts/index.html.erb within layouts/application (0.0ms)
  Rendered layouts/_navigation.html.erb (0.2ms)
  Rendered layouts/_messages.html.erb (0.1ms)
Completed 200 OK in 7ms (Views: 7.0ms | ActiveRecord: 0.0ms)


Started GET "/login" for 127.0.0.1 at 2015-04-05 03:33:22 -0700
Processing by LoginController#index as HTML
  Rendered login/index.html.erb within layouts/login (0.0ms)
Completed 200 OK in 2ms (Views: 1.6ms | ActiveRecord: 0.0ms)


Started GET "/" for 127.0.0.1 at 2015-04-05 03:33:57 -0700
Processing by PostsController#index as HTML
  Rendered posts/index.html.erb within layouts/application (0.9ms)
  Rendered layouts/_navigation.html.erb (0.5ms)
  Rendered layouts/_messages.html.erb (0.4ms)
Completed 200 OK in 81ms (Views: 73.6ms | ActiveRecord: 0.0ms)


Started GET "/" for 127.0.0.1 at 2015-04-05 03:33:57 -0700
Processing by PostsController#index as HTML
  Rendered posts/index.html.erb within layouts/application (0.0ms)
  Rendered layouts/_navigation.html.erb (0.2ms)
  Rendered layouts/_messages.html.erb (0.0ms)
Completed 200 OK in 7ms (Views: 6.8ms | ActiveRecord: 0.0ms)


Started GET "/login" for 127.0.0.1 at 2015-04-05 03:33:58 -0700
Processing by LoginController#index as HTML
  Rendered login/index.html.erb within layouts/login (0.4ms)
Completed 200 OK in 3ms (Views: 2.2ms | ActiveRecord: 0.0ms)


Started GET "/" for 127.0.0.1 at 2015-04-05 03:38:42 -0700
Processing by PostsController#index as HTML
  Rendered posts/index.html.erb within layouts/application (0.9ms)
  Rendered layouts/_navigation.html.erb (0.5ms)
  Rendered layouts/_messages.html.erb (0.4ms)
Completed 200 OK in 78ms (Views: 70.8ms | ActiveRecord: 0.0ms)


Started GET "/login" for 127.0.0.1 at 2015-04-05 03:38:43 -0700
Processing by LoginController#index as HTML
  Rendered login/index.html.erb within layouts/login (0.3ms)
Completed 200 OK in 2ms (Views: 1.9ms | ActiveRecord: 0.0ms)


Started GET "/" for 127.0.0.1 at 2015-04-05 03:56:26 -0700
Processing by PostsController#index as HTML
  Rendered posts/index.html.erb within layouts/application (0.9ms)
  Rendered layouts/_navigation.html.erb (0.5ms)
  Rendered layouts/_messages.html.erb (0.4ms)
Completed 200 OK in 75ms (Views: 66.9ms | ActiveRecord: 0.0ms)


Started GET "/login" for 127.0.0.1 at 2015-04-05 03:56:35 -0700
Processing by LoginController#index as HTML
  Rendered login/index.html.erb within layouts/login (0.3ms)
Completed 500 Internal Server Error in 12ms

ActionView::Template::Error (undefined local variable or method `f_here' for #<#<Class:0x007fae545ced60>:0x007fae545cde88>):
    28: 
    29:    window.fbAsyncInit = function() {
    30:       FB.init({
    31:          appId : <%= f_here::APP_ID %>,
    32:          cookie : true,
    33:          xfbml : true,
    34:          version : 'v2.2'
  app/views/layouts/login.html.erb:31:in `_app_views_layouts_login_html_erb___2802741001241239155_70193358189640'


  Rendered /Users/hotero001/.rvm/gems/ruby-2.1.5/gems/actionpack-4.0.0/lib/action_dispatch/middleware/templates/rescues/_trace.erb (2.1ms)
  Rendered /Users/hotero001/.rvm/gems/ruby-2.1.5/gems/actionpack-4.0.0/lib/action_dispatch/middleware/templates/rescues/_request_and_response.erb (0.9ms)
  Rendered /Users/hotero001/.rvm/gems/ruby-2.1.5/gems/actionpack-4.0.0/lib/action_dispatch/middleware/templates/rescues/template_error.erb within rescues/layout (15.6ms)


Started GET "/login" for 127.0.0.1 at 2015-04-05 03:56:35 -0700
Processing by LoginController#index as HTML
  Rendered login/index.html.erb within layouts/login (0.4ms)
Completed 500 Internal Server Error in 10ms

ActionView::Template::Error (undefined local variable or method `f_here' for #<#<Class:0x007fae545ced60>:0x007fae54164360>):
    28: 
    29:    window.fbAsyncInit = function() {
    30:       FB.init({
    31:          appId : <%= f_here::APP_ID %>,
    32:          cookie : true,
    33:          xfbml : true,
    34:          version : 'v2.2'
  app/views/layouts/login.html.erb:31:in `_app_views_layouts_login_html_erb___2802741001241239155_70193358189640'


  Rendered /Users/hotero001/.rvm/gems/ruby-2.1.5/gems/actionpack-4.0.0/lib/action_dispatch/middleware/templates/rescues/_trace.erb (1.0ms)
  Rendered /Users/hotero001/.rvm/gems/ruby-2.1.5/gems/actionpack-4.0.0/lib/action_dispatch/middleware/templates/rescues/_request_and_response.erb (0.7ms)
  Rendered /Users/hotero001/.rvm/gems/ruby-2.1.5/gems/actionpack-4.0.0/lib/action_dispatch/middleware/templates/rescues/template_error.erb within rescues/layout (8.0ms)


Started GET "/" for 127.0.0.1 at 2015-04-05 04:00:02 -0700
Processing by PostsController#index as HTML
  Rendered posts/index.html.erb within layouts/application (0.9ms)
  Rendered layouts/_navigation.html.erb (0.5ms)
  Rendered layouts/_messages.html.erb (0.4ms)
Completed 200 OK in 75ms (Views: 67.7ms | ActiveRecord: 0.0ms)


Started GET "/login" for 127.0.0.1 at 2015-04-05 04:00:04 -0700
Processing by LoginController#index as HTML
  Rendered login/index.html.erb within layouts/login (0.4ms)
Completed 200 OK in 3ms (Views: 2.0ms | ActiveRecord: 0.0ms)


Started GET "/" for 127.0.0.1 at 2015-04-05 04:02:10 -0700
Processing by PostsController#index as HTML
  Rendered posts/index.html.erb within layouts/application (0.0ms)
  Rendered layouts/_navigation.html.erb (0.2ms)
  Rendered layouts/_messages.html.erb (0.1ms)
Completed 200 OK in 7ms (Views: 6.5ms | ActiveRecord: 0.0ms)


Started GET "/" for 127.0.0.1 at 2015-04-05 04:02:11 -0700
Processing by PostsController#index as HTML
  Rendered posts/index.html.erb within layouts/application (0.1ms)
  Rendered layouts/_navigation.html.erb (0.2ms)
  Rendered layouts/_messages.html.erb (0.0ms)
Completed 200 OK in 8ms (Views: 7.3ms | ActiveRecord: 0.0ms)


Started GET "/login" for 127.0.0.1 at 2015-04-05 04:02:12 -0700
Processing by LoginController#index as HTML
  Rendered login/index.html.erb within layouts/login (0.1ms)
Completed 200 OK in 1ms (Views: 1.1ms | ActiveRecord: 0.0ms)


Started GET "/" for 127.0.0.1 at 2015-04-05 04:02:23 -0700
Processing by PostsController#index as HTML
  Rendered posts/index.html.erb within layouts/application (0.1ms)
  Rendered layouts/_navigation.html.erb (0.1ms)
  Rendered layouts/_messages.html.erb (0.0ms)
Completed 200 OK in 7ms (Views: 6.9ms | ActiveRecord: 0.0ms)


Started GET "/" for 127.0.0.1 at 2015-04-05 04:02:24 -0700
Processing by PostsController#index as HTML
  Rendered posts/index.html.erb within layouts/application (0.1ms)
  Rendered layouts/_navigation.html.erb (0.3ms)
  Rendered layouts/_messages.html.erb (0.1ms)
Completed 200 OK in 17ms (Views: 16.2ms | ActiveRecord: 0.0ms)


Started GET "/login" for 127.0.0.1 at 2015-04-05 04:02:26 -0700
Processing by LoginController#index as HTML
  Rendered login/index.html.erb within layouts/login (0.0ms)
Completed 200 OK in 1ms (Views: 1.1ms | ActiveRecord: 0.0ms)


Started GET "/" for 127.0.0.1 at 2015-04-05 04:18:16 -0700
Processing by PostsController#index as HTML
  Rendered posts/index.html.erb within layouts/application (0.1ms)
  Rendered layouts/_navigation.html.erb (0.2ms)
  Rendered layouts/_messages.html.erb (0.1ms)
Completed 200 OK in 9ms (Views: 8.8ms | ActiveRecord: 0.0ms)


Started GET "/login" for 127.0.0.1 at 2015-04-05 04:18:21 -0700
Processing by LoginController#index as HTML
  Rendered login/index.html.erb within layouts/login (0.1ms)
Completed 200 OK in 3ms (Views: 2.6ms | ActiveRecord: 0.0ms)


Started GET "/" for 127.0.0.1 at 2015-04-05 04:35:01 -0700
Processing by PostsController#index as HTML
  Rendered posts/index.html.erb within layouts/application (1.4ms)
  Rendered layouts/_navigation.html.erb (0.9ms)
  Rendered layouts/_messages.html.erb (0.4ms)
Completed 200 OK in 129ms (Views: 120.0ms | ActiveRecord: 0.0ms)


Started GET "/login" for 127.0.0.1 at 2015-04-05 04:35:03 -0700
Processing by LoginController#index as HTML
  Rendered login/index.html.erb within layouts/login (0.3ms)
Completed 200 OK in 3ms (Views: 2.0ms | ActiveRecord: 0.0ms)


Started GET "/" for 127.0.0.1 at 2015-04-05 04:36:24 -0700
Processing by PostsController#index as HTML
  Rendered posts/index.html.erb within layouts/application (0.8ms)
  Rendered layouts/_navigation.html.erb (0.6ms)
  Rendered layouts/_messages.html.erb (0.4ms)
Completed 200 OK in 86ms (Views: 78.4ms | ActiveRecord: 0.0ms)


Started GET "/" for 127.0.0.1 at 2015-04-05 04:36:24 -0700
Processing by PostsController#index as HTML
  Rendered posts/index.html.erb within layouts/application (0.1ms)
  Rendered layouts/_navigation.html.erb (0.2ms)
  Rendered layouts/_messages.html.erb (0.0ms)
Completed 200 OK in 8ms (Views: 7.7ms | ActiveRecord: 0.0ms)


Started GET "/login" for 127.0.0.1 at 2015-04-05 04:36:25 -0700
Processing by LoginController#index as HTML
  Rendered login/index.html.erb within layouts/login (0.3ms)
Completed 200 OK in 2ms (Views: 1.9ms | ActiveRecord: 0.0ms)


Started GET "/" for 127.0.0.1 at 2015-04-05 05:29:33 -0700
Processing by PostsController#index as HTML
  Rendered posts/index.html.erb within layouts/application (0.1ms)
  Rendered layouts/_navigation.html.erb (0.3ms)
  Rendered layouts/_messages.html.erb (0.2ms)
Completed 200 OK in 14ms (Views: 12.9ms | ActiveRecord: 0.0ms)


Started GET "/login" for 127.0.0.1 at 2015-04-05 05:29:35 -0700
Processing by LoginController#index as HTML
  Rendered login/index.html.erb within layouts/login (0.1ms)
Completed 200 OK in 3ms (Views: 2.6ms | ActiveRecord: 0.0ms)


Started GET "/" for 127.0.0.1 at 2015-04-05 05:53:48 -0700
Processing by PostsController#index as HTML
  Rendered posts/index.html.erb within layouts/application (1.4ms)
  Rendered layouts/_navigation.html.erb (0.5ms)
  Rendered layouts/_messages.html.erb (0.4ms)
Completed 200 OK in 130ms (Views: 121.1ms | ActiveRecord: 0.0ms)


Started GET "/login" for 127.0.0.1 at 2015-04-05 05:53:53 -0700
Processing by LoginController#index as HTML
  Rendered login/index.html.erb within layouts/login (0.4ms)
Completed 200 OK in 3ms (Views: 2.8ms | ActiveRecord: 0.0ms)


Started GET "/" for 127.0.0.1 at 2015-04-05 05:55:46 -0700
Processing by PostsController#index as HTML
  Rendered posts/index.html.erb within layouts/application (1.3ms)
  Rendered layouts/_navigation.html.erb (0.5ms)
  Rendered layouts/_messages.html.erb (0.4ms)
Completed 200 OK in 99ms (Views: 90.7ms | ActiveRecord: 0.0ms)


Started GET "/" for 127.0.0.1 at 2015-04-05 05:55:47 -0700
Processing by PostsController#index as HTML
  Rendered posts/index.html.erb within layouts/application (0.0ms)
  Rendered layouts/_navigation.html.erb (0.1ms)
  Rendered layouts/_messages.html.erb (0.0ms)
Completed 200 OK in 7ms (Views: 6.4ms | ActiveRecord: 0.0ms)


Started GET "/login" for 127.0.0.1 at 2015-04-05 05:55:48 -0700
Processing by LoginController#index as HTML
  Rendered login/index.html.erb within layouts/login (0.5ms)
Completed 200 OK in 3ms (Views: 2.9ms | ActiveRecord: 0.0ms)


Started GET "/" for 127.0.0.1 at 2015-04-05 05:57:14 -0700
Processing by PostsController#index as HTML
  Rendered posts/index.html.erb within layouts/application (1.2ms)
  Rendered layouts/_navigation.html.erb (0.8ms)
  Rendered layouts/_messages.html.erb (0.6ms)
Completed 200 OK in 122ms (Views: 114.1ms | ActiveRecord: 0.0ms)


Started GET "/" for 127.0.0.1 at 2015-04-05 05:57:15 -0700
Processing by PostsController#index as HTML
  Rendered posts/index.html.erb within layouts/application (0.0ms)
  Rendered layouts/_navigation.html.erb (0.2ms)
  Rendered layouts/_messages.html.erb (0.1ms)
Completed 200 OK in 7ms (Views: 6.6ms | ActiveRecord: 0.0ms)


Started GET "/login" for 127.0.0.1 at 2015-04-05 05:57:18 -0700
Processing by LoginController#index as HTML
  Rendered login/index.html.erb within layouts/login (0.4ms)
Completed 200 OK in 4ms (Views: 3.2ms | ActiveRecord: 0.0ms)


Started GET "/login" for 127.0.0.1 at 2015-04-05 05:57:23 -0700
Processing by LoginController#index as HTML
  Rendered login/index.html.erb within layouts/login (0.5ms)
Completed 200 OK in 3ms (Views: 2.3ms | ActiveRecord: 0.0ms)


Started GET "/login" for 127.0.0.1 at 2015-04-05 05:57:28 -0700
Processing by LoginController#index as HTML
  Rendered login/index.html.erb within layouts/login (0.1ms)
Completed 200 OK in 2ms (Views: 1.6ms | ActiveRecord: 0.0ms)


Started GET "/login" for 127.0.0.1 at 2015-04-05 05:57:33 -0700
Processing by LoginController#index as HTML
  Rendered login/index.html.erb within layouts/login (0.1ms)
Completed 200 OK in 2ms (Views: 1.5ms | ActiveRecord: 0.0ms)


Started GET "/login" for 127.0.0.1 at 2015-04-05 05:57:38 -0700
Processing by LoginController#index as HTML
  Rendered login/index.html.erb within layouts/login (0.1ms)
Completed 200 OK in 2ms (Views: 1.6ms | ActiveRecord: 0.0ms)


Started GET "/login" for 127.0.0.1 at 2015-04-05 05:57:43 -0700
Processing by LoginController#index as HTML
  Rendered login/index.html.erb within layouts/login (0.1ms)
Completed 200 OK in 2ms (Views: 1.8ms | ActiveRecord: 0.0ms)


Started GET "/login" for 127.0.0.1 at 2015-04-05 05:57:48 -0700
Processing by LoginController#index as HTML
  Rendered login/index.html.erb within layouts/login (0.1ms)
Completed 200 OK in 3ms (Views: 1.9ms | ActiveRecord: 0.0ms)


Started GET "/login" for 127.0.0.1 at 2015-04-05 05:57:53 -0700
Processing by LoginController#index as HTML
  Rendered login/index.html.erb within layouts/login (0.1ms)
Completed 200 OK in 2ms (Views: 1.8ms | ActiveRecord: 0.0ms)


Started GET "/" for 127.0.0.1 at 2015-04-05 05:58:03 -0700
Processing by PostsController#index as HTML
  Rendered posts/index.html.erb within layouts/application (1.4ms)
  Rendered layouts/_navigation.html.erb (0.6ms)
  Rendered layouts/_messages.html.erb (0.4ms)
Completed 200 OK in 124ms (Views: 115.1ms | ActiveRecord: 0.0ms)


Started GET "/" for 127.0.0.1 at 2015-04-05 05:58:03 -0700
Processing by PostsController#index as HTML
  Rendered posts/index.html.erb within layouts/application (0.0ms)
  Rendered layouts/_navigation.html.erb (0.2ms)
  Rendered layouts/_messages.html.erb (0.1ms)
Completed 200 OK in 7ms (Views: 6.2ms | ActiveRecord: 0.0ms)


Started GET "/login" for 127.0.0.1 at 2015-04-05 05:58:05 -0700
Processing by LoginController#index as HTML
  Rendered login/index.html.erb within layouts/login (0.4ms)
Completed 200 OK in 4ms (Views: 2.7ms | ActiveRecord: 0.0ms)


Started GET "/login" for 127.0.0.1 at 2015-04-05 05:58:55 -0700
Processing by LoginController#index as HTML
  Rendered login/index.html.erb within layouts/login (0.3ms)
Completed 200 OK in 2ms (Views: 1.3ms | ActiveRecord: 0.0ms)


Started GET "/" for 127.0.0.1 at 2015-04-05 06:12:42 -0700
Processing by PostsController#index as HTML
  Rendered posts/index.html.erb within layouts/application (1.3ms)
  Rendered layouts/_navigation.html.erb (1.0ms)
  Rendered layouts/_messages.html.erb (0.8ms)
Completed 200 OK in 126ms (Views: 118.4ms | ActiveRecord: 0.0ms)


Started GET "/login" for 127.0.0.1 at 2015-04-05 06:12:44 -0700
Processing by LoginController#index as HTML
  Rendered login/index.html.erb within layouts/login (0.3ms)
Completed 200 OK in 2ms (Views: 1.9ms | ActiveRecord: 0.0ms)


Started GET "/login" for 127.0.0.1 at 2015-04-05 06:12:52 -0700
Processing by LoginController#index as HTML
  Rendered login/index.html.erb within layouts/login (0.0ms)
Completed 200 OK in 1ms (Views: 1.1ms | ActiveRecord: 0.0ms)


Started GET "/login" for 127.0.0.1 at 2015-04-05 06:13:35 -0700
Processing by LoginController#index as HTML
  Rendered login/index.html.erb within layouts/login (0.3ms)
Completed 200 OK in 2ms (Views: 1.2ms | ActiveRecord: 0.0ms)


Started GET "/login" for 127.0.0.1 at 2015-04-05 06:13:49 -0700
Processing by LoginController#index as HTML
  Rendered login/index.html.erb within layouts/login (0.0ms)
Completed 200 OK in 1ms (Views: 0.9ms | ActiveRecord: 0.0ms)


Started GET "/" for 127.0.0.1 at 2015-04-05 06:13:50 -0700
Processing by PostsController#index as HTML
  Rendered posts/index.html.erb within layouts/application (0.0ms)
  Rendered layouts/_navigation.html.erb (0.2ms)
  Rendered layouts/_messages.html.erb (0.1ms)
Completed 200 OK in 7ms (Views: 6.2ms | ActiveRecord: 0.0ms)


Started GET "/" for 127.0.0.1 at 2015-04-05 06:13:50 -0700
Processing by PostsController#index as HTML
  Rendered posts/index.html.erb within layouts/application (0.0ms)
  Rendered layouts/_navigation.html.erb (0.1ms)
  Rendered layouts/_messages.html.erb (0.0ms)
Completed 200 OK in 7ms (Views: 6.6ms | ActiveRecord: 0.0ms)


Started GET "/login" for 127.0.0.1 at 2015-04-05 06:13:51 -0700
Processing by LoginController#index as HTML
  Rendered login/index.html.erb within layouts/login (0.1ms)
Completed 200 OK in 2ms (Views: 1.5ms | ActiveRecord: 0.0ms)


Started GET "/login" for 127.0.0.1 at 2015-04-05 06:14:41 -0700
Processing by LoginController#index as HTML
  Rendered login/index.html.erb within layouts/login (0.0ms)
Completed 200 OK in 1ms (Views: 1.0ms | ActiveRecord: 0.0ms)


Started GET "/" for 127.0.0.1 at 2015-04-05 06:19:50 -0700
Processing by PostsController#index as HTML
  Rendered posts/index.html.erb within layouts/application (0.9ms)
  Rendered layouts/_navigation.html.erb (0.5ms)
  Rendered layouts/_messages.html.erb (0.4ms)
Completed 200 OK in 80ms (Views: 73.0ms | ActiveRecord: 0.0ms)


Started GET "/login" for 127.0.0.1 at 2015-04-05 06:19:55 -0700
Processing by LoginController#index as HTML
  Rendered login/index.html.erb within layouts/login (0.3ms)
Completed 200 OK in 3ms (Views: 2.2ms | ActiveRecord: 0.0ms)


Started GET "/" for 127.0.0.1 at 2015-04-05 06:20:16 -0700
Processing by PostsController#index as HTML
  Rendered posts/index.html.erb within layouts/application (0.0ms)
  Rendered layouts/_navigation.html.erb (0.1ms)
  Rendered layouts/_messages.html.erb (0.1ms)
Completed 200 OK in 6ms (Views: 5.9ms | ActiveRecord: 0.0ms)


Started GET "/login" for 127.0.0.1 at 2015-04-05 06:20:47 -0700
Processing by LoginController#index as HTML
  Rendered login/index.html.erb within layouts/login (0.1ms)
Completed 200 OK in 1ms (Views: 1.1ms | ActiveRecord: 0.0ms)


Started GET "/login" for 127.0.0.1 at 2015-04-05 06:21:37 -0700
Processing by LoginController#index as HTML
  Rendered login/index.html.erb within layouts/login (0.4ms)
Completed 200 OK in 2ms (Views: 1.6ms | ActiveRecord: 0.0ms)


Started GET "/" for 127.0.0.1 at 2015-04-05 06:22:23 -0700
Processing by PostsController#index as HTML
  Rendered posts/index.html.erb within layouts/application (0.1ms)
  Rendered layouts/_navigation.html.erb (0.3ms)
  Rendered layouts/_messages.html.erb (0.1ms)
Completed 200 OK in 11ms (Views: 10.2ms | ActiveRecord: 0.0ms)


Started GET "/login" for 127.0.0.1 at 2015-04-05 06:22:26 -0700
Processing by LoginController#index as HTML
  Rendered login/index.html.erb within layouts/login (0.0ms)
Completed 200 OK in 1ms (Views: 1.1ms | ActiveRecord: 0.0ms)


Started GET "/login" for 127.0.0.1 at 2015-04-05 06:23:16 -0700
Processing by LoginController#index as HTML
  Rendered login/index.html.erb within layouts/login (0.1ms)
Completed 200 OK in 3ms (Views: 1.8ms | ActiveRecord: 0.0ms)


Started GET "/login" for 127.0.0.1 at 2015-04-05 06:23:50 -0700
Processing by LoginController#index as HTML
  Rendered login/index.html.erb within layouts/login (1.0ms)
Completed 200 OK in 13ms (Views: 5.4ms | ActiveRecord: 0.0ms)


Started GET "/" for 127.0.0.1 at 2015-04-05 06:23:51 -0700
Processing by PostsController#index as HTML
  Rendered posts/index.html.erb within layouts/application (0.3ms)
  Rendered layouts/_navigation.html.erb (0.5ms)
  Rendered layouts/_messages.html.erb (0.4ms)
Completed 200 OK in 76ms (Views: 75.5ms | ActiveRecord: 0.0ms)


Started GET "/" for 127.0.0.1 at 2015-04-05 06:23:51 -0700
Processing by PostsController#index as HTML
  Rendered posts/index.html.erb within layouts/application (0.1ms)
  Rendered layouts/_navigation.html.erb (0.2ms)
  Rendered layouts/_messages.html.erb (0.0ms)
Completed 200 OK in 12ms (Views: 11.8ms | ActiveRecord: 0.0ms)


Started GET "/login" for 127.0.0.1 at 2015-04-05 06:23:52 -0700
Processing by LoginController#index as HTML
  Rendered login/index.html.erb within layouts/login (0.3ms)
Completed 200 OK in 2ms (Views: 1.4ms | ActiveRecord: 0.0ms)


Started GET "/" for 127.0.0.1 at 2015-04-05 06:30:44 -0700
Processing by PostsController#index as HTML
  Rendered posts/index.html.erb within layouts/application (0.9ms)
  Rendered layouts/_navigation.html.erb (0.5ms)
  Rendered layouts/_messages.html.erb (0.4ms)
Completed 200 OK in 84ms (Views: 76.9ms | ActiveRecord: 0.0ms)


Started GET "/" for 127.0.0.1 at 2015-04-05 06:30:47 -0700
Processing by PostsController#index as HTML
  Rendered posts/index.html.erb within layouts/application (0.1ms)
  Rendered layouts/_navigation.html.erb (0.3ms)
  Rendered layouts/_messages.html.erb (0.1ms)
Completed 200 OK in 11ms (Views: 10.1ms | ActiveRecord: 0.0ms)


Started GET "/" for 127.0.0.1 at 2015-04-05 06:31:10 -0700
Processing by PostsController#index as HTML
  Rendered posts/index.html.erb within layouts/application (0.9ms)
  Rendered layouts/_navigation.html.erb (0.5ms)
  Rendered layouts/_messages.html.erb (0.4ms)
Completed 200 OK in 78ms (Views: 69.7ms | ActiveRecord: 0.0ms)


Started GET "/login" for 127.0.0.1 at 2015-04-05 06:31:12 -0700
Processing by LoginController#index as HTML
  Rendered login/index.html.erb within layouts/login (0.3ms)
Completed 200 OK in 2ms (Views: 1.9ms | ActiveRecord: 0.0ms)


Started GET "/" for 127.0.0.1 at 2015-04-05 06:31:15 -0700
Processing by PostsController#index as HTML
  Rendered posts/index.html.erb within layouts/application (0.1ms)
  Rendered layouts/_navigation.html.erb (0.3ms)
  Rendered layouts/_messages.html.erb (0.1ms)
Completed 200 OK in 8ms (Views: 7.2ms | ActiveRecord: 0.0ms)


Started GET "/" for 127.0.0.1 at 2015-04-05 06:31:18 -0700
Processing by PostsController#index as HTML
  Rendered posts/index.html.erb within layouts/application (0.3ms)
  Rendered layouts/_navigation.html.erb (0.4ms)
  Rendered layouts/_messages.html.erb (0.3ms)
Completed 200 OK in 7ms (Views: 7.1ms | ActiveRecord: 0.0ms)


Started GET "/" for 127.0.0.1 at 2015-04-05 06:31:18 -0700
Processing by PostsController#index as HTML
  Rendered posts/index.html.erb within layouts/application (0.0ms)
  Rendered layouts/_navigation.html.erb (0.1ms)
  Rendered layouts/_messages.html.erb (0.0ms)
Completed 200 OK in 7ms (Views: 6.2ms | ActiveRecord: 0.0ms)


Started GET "/" for 127.0.0.1 at 2015-04-05 06:31:42 -0700
Processing by PostsController#index as HTML
  Rendered posts/index.html.erb within layouts/application (0.9ms)
  Rendered layouts/_navigation.html.erb (0.6ms)
  Rendered layouts/_messages.html.erb (0.5ms)
Completed 200 OK in 80ms (Views: 71.4ms | ActiveRecord: 0.0ms)


Started GET "/" for 127.0.0.1 at 2015-04-05 06:34:08 -0700
Processing by PostsController#index as HTML
  Rendered posts/index.html.erb within layouts/application (1.0ms)
  Rendered layouts/_navigation.html.erb (0.5ms)
  Rendered layouts/_messages.html.erb (0.4ms)
Completed 200 OK in 78ms (Views: 70.0ms | ActiveRecord: 0.0ms)


Started GET "/" for 127.0.0.1 at 2015-04-05 06:34:12 -0700
Processing by PostsController#index as HTML
  Rendered posts/index.html.erb within layouts/application (0.3ms)
  Rendered layouts/_navigation.html.erb (0.4ms)
  Rendered layouts/_messages.html.erb (0.4ms)
Completed 200 OK in 8ms (Views: 7.1ms | ActiveRecord: 0.0ms)


Started GET "/" for 127.0.0.1 at 2015-04-05 06:34:22 -0700
Processing by PostsController#index as HTML
  Rendered posts/index.html.erb within layouts/application (0.0ms)
  Rendered layouts/_navigation.html.erb (0.2ms)
  Rendered layouts/_messages.html.erb (0.1ms)
Completed 200 OK in 7ms (Views: 6.3ms | ActiveRecord: 0.0ms)


Started GET "/" for 127.0.0.1 at 2015-04-05 06:34:26 -0700
Processing by PostsController#index as HTML
  Rendered posts/index.html.erb within layouts/application (0.0ms)
  Rendered layouts/_navigation.html.erb (0.2ms)
  Rendered layouts/_messages.html.erb (0.0ms)
Completed 200 OK in 6ms (Views: 6.1ms | ActiveRecord: 0.0ms)


Started GET "/" for 127.0.0.1 at 2015-04-05 06:36:49 -0700
Processing by PostsController#index as HTML
  Rendered posts/index.html.erb within layouts/application (0.3ms)
  Rendered layouts/_navigation.html.erb (0.9ms)
  Rendered layouts/_messages.html.erb (0.1ms)
Completed 200 OK in 11ms (Views: 10.8ms | ActiveRecord: 0.0ms)


Started GET "/login" for 127.0.0.1 at 2015-04-05 06:37:01 -0700
Processing by LoginController#index as HTML
  Rendered login/index.html.erb within layouts/login (0.3ms)
Completed 200 OK in 2ms (Views: 1.8ms | ActiveRecord: 0.0ms)


Started GET "/" for 127.0.0.1 at 2015-04-05 06:37:13 -0700
Processing by PostsController#index as HTML
  Rendered posts/index.html.erb within layouts/application (0.0ms)
  Rendered layouts/_navigation.html.erb (0.2ms)
  Rendered layouts/_messages.html.erb (0.1ms)
Completed 200 OK in 6ms (Views: 6.0ms | ActiveRecord: 0.0ms)
